#
#model:
#
#<?xml version="1.0" encoding="UTF-8" standalone="no"?><input id="posterior" spec="beast.core.util.CompoundDistribution">
#    <distribution id="prior" spec="beast.core.util.CompoundDistribution">
#        <distribution conditionOnSurvival="false" id="BDMMPrime.t:Pterosaur_25" spec="bdmmprime.distribution.BirthDeathMigrationDistribution" useAnalyticalSingleTypeSolution="false">
#            <parameterization id="CanonicalBDMMPrimeParameterization.t:Pterosaur_25" spec="bdmmprime.parameterization.CanonicalParameterization">
#                <birthRate id="birthRateSVCanonical.t:Pterosaur_25" spec="bdmmprime.parameterization.SkylineVectorParameter" timesAreAges="true">
#                    <parameter id="birthRateCanonical.t:Pterosaur_25" name="skylineValues" spec="beast.core.parameter.RealParameter">0.1</parameter>
#                    <parameter id="originBDMMPrime.t:Pterosaur_25" name="processLength" spec="beast.core.parameter.RealParameter">120.0</parameter>
#                    <typeSet id="typeSetBDMMPrime.t:Pterosaur_25" spec="bdmmprime.parameterization.TypeSet">
#                        <typeTraitSet id="typeTraitSet.t:Pterosaur_25" spec="bdmmprime.util.InitializedTraitSet" traitname="type" value="Allkaruen koi=NOT_SET,Austriadactylus cristatus=NOT_SET,Austriadraco dallavecchiai=NOT_SET,Cacibupteryx caribensis=NOT_SET,Caelestiventus hanseni=NOT_SET,Carniadactylus rosenfeldi=NOT_SET,Dimorphodon macronyx=NOT_SET,Dromomeron gigas=NOT_SET,Dromomeron gregorii=NOT_SET,Dromomeron romeri=NOT_SET,Eudimorphodon ranzii=NOT_SET,Faxinalipterus minimus=NOT_SET,Ixalerpeton polesinensis=NOT_SET,Kongonaphon kely=NOT_SET,Lagerpeton chanarensis=NOT_SET,Maehary bonapartei=NOT_SET,PVSJ 883=NOT_SET,Pachagnathus benitoi=NOT_SET,Peteinosaurus zambellii=NOT_SET,Preondactylus buffarinii=NOT_SET,Raeticodactylus filisurensis=NOT_SET,Rhamphorhynchus muensteri=NOT_SET,Scleromochlus taylori=NOT_SET,Seazzadactylus venieri=NOT_SET,Yelaphomte praderioi=NOT_SET">
#                            <taxa id="TaxonSet.6" spec="beast.evolution.alignment.TaxonSet">
#                                <alignment filter="3-4,6,9,12-15,18,22,24,26-27,30-35,37-38,41,43-45,47,49,51-53,56-57,59-62,64-65,67,69-70,72-73,77-84,86-87,89-91,93,95-99,101-104,106-112,114-115,117,119,121,123-126,128-145,147-152,154-155,158-163,166-170,172-175,178-186,188-190,192,194,198-201,203-213,215-216,218-219,222-226,229-236,238-239,241-246,248-249,251-259,262,264-265,268-274,276-277,281-282,285,287-298,300-302,306-319,323,325-326,328-330,333-336,338-344,346-348,350,355-357,359-360,362-364,366-369,371-376,378,380-381,384-385,388-392,394-397,399-411,413,416-421,423,425-426,428-429,431-434,436-445,447,449-453,456-457,459,464,467-469,471,473-475,477,479-481,484,486-488,491-496,498-500,503,505-509,511,513-515,518-520,522-528,530-531,533-536,538-545,548-551,554-555,558-566,568,570,572-573,575-576,578-580,583-585,587,589-590,592-594,596-599,601-613,615-635,637-647,649-651,654-661,663-679,682-700,702-704,706-719,721-730,733-734,736,739-742,744-748,750-760,762-765,767-771,773-783,785-815,817-819,821-823" id="Pterosaur_252" spec="beast.evolution.alignment.FilteredAlignment">
#                                    <userDataType ambiguities="12 01 23 012 02 123 13 01234" id="morphDataType.Pterosaur_252" nrOfStates="2" spec="beast.evolution.datatype.StandardData"/>
#                                </alignment>
#                            </taxa>
#                        </typeTraitSet>
#                    </typeSet>
#                </birthRate>
#                <deathRate id="deathRateSVCanonical.t:Pterosaur_25" processLength="@originBDMMPrime.t:Pterosaur_25" spec="bdmmprime.parameterization.SkylineVectorParameter" timesAreAges="true" typeSet="@typeSetBDMMPrime.t:Pterosaur_25">
#                    <parameter id="deathRateCanonical.t:Pterosaur_25" name="skylineValues" spec="beast.core.parameter.RealParameter">0.1</parameter>
#                </deathRate>
#                <samplingRate id="samplingRateSVCanonical.t:Pterosaur_25" processLength="@originBDMMPrime.t:Pterosaur_25" spec="bdmmprime.parameterization.SkylineVectorParameter" timesAreAges="true" typeSet="@typeSetBDMMPrime.t:Pterosaur_25">
#                    <parameter id="samplingRateCanonical.t:Pterosaur_25" name="skylineValues" spec="beast.core.parameter.RealParameter">0.1</parameter>
#                </samplingRate>
#                <rhoSampling id="rhoSamplingProbTPCanonical.t:Pterosaur_25" processLength="@originBDMMPrime.t:Pterosaur_25" spec="bdmmprime.parameterization.TimedParameter" timesAreAges="true" typeSet="@typeSetBDMMPrime.t:Pterosaur_25"/>
#                <removalProb id="removalProbSVCanonical.t:Pterosaur_25" processLength="@originBDMMPrime.t:Pterosaur_25" spec="bdmmprime.parameterization.SkylineVectorParameter" timesAreAges="true" typeSet="@typeSetBDMMPrime.t:Pterosaur_25">
#                    <parameter estimate="false" id="removalProbCanonical.t:Pterosaur_25" lower="0.0" name="skylineValues" spec="beast.core.parameter.RealParameter" upper="1.0">0.0</parameter>
#                </removalProb>
#                <migrationRate id="migrationRateSMCanonical.t:Pterosaur_25" processLength="@originBDMMPrime.t:Pterosaur_25" spec="bdmmprime.parameterization.SkylineMatrixParameter" timesAreAges="true" typeSet="@typeSetBDMMPrime.t:Pterosaur_25">
#                    <parameter estimate="false" id="migrationRateCanonical.t:Pterosaur_25" name="skylineValues" spec="beast.core.parameter.RealParameter">1.0</parameter>
#                </migrationRate>
#                <birthRateAmongDemes id="birthRateAmongDemesSMCanonical.t:Pterosaur_25" processLength="@originBDMMPrime.t:Pterosaur_25" spec="bdmmprime.parameterization.SkylineMatrixParameter" timesAreAges="true" typeSet="@typeSetBDMMPrime.t:Pterosaur_25">
#                    <parameter estimate="false" id="birthRateAmongDemesCanonical.t:Pterosaur_25" name="skylineValues" spec="beast.core.parameter.RealParameter">1.0</parameter>
#                </birthRateAmongDemes>
#                <typeSet idref="typeSetBDMMPrime.t:Pterosaur_25"/>
#                <parameter idref="originBDMMPrime.t:Pterosaur_25" name="processLength"/>
#            </parameterization>
#            <parameter id="typeFrequencies.t:Pterosaur_25" lower="0.0" name="frequencies" spec="beast.core.parameter.RealParameter" upper="1.0">1.0</parameter>
#            <typeTraitSet idref="typeTraitSet.t:Pterosaur_25"/>
#            <tree id="Tree.t:Pterosaur_25" spec="beast.evolution.tree.Tree">
#                <trait id="dateTrait.t:Pterosaur_25" spec="beast.evolution.tree.TraitSet" traitname="date-backward" value="Allkaruen koi=28.485,Austriadactylus cristatus=71.65,Austriadraco dallavecchiai=71.65,Cacibupteryx caribensis=13.15,Caelestiventus hanseni=63.8,Carniadactylus rosenfeldi=72.25,Dimorphodon macronyx=56.4,Dromomeron gigas=65.35,Dromomeron gregorii=72.75,Dromomeron romeri=80.5,Eudimorphodon ranzii=72.25,Faxinalipterus minimus=80.42,Ixalerpeton polesinensis=88.23,Kongonaphon kely=93.25,Lagerpeton chanarensis=90,Maehary bonapartei=80.42,Pachagnathus benitoi=65.35,Peteinosaurus zambellii=72.25,Preondactylus buffarinii=71.8,PVSJ 883=84.35,Raeticodactylus filisurensis=67.25,Rhamphorhynchus muensteri=0,Scleromochlus taylori=85.48,Seazzadactylus venieri=72.4,Yelaphomte praderioi=65.35">
#                    <taxa alignment="@Pterosaur_252" id="TaxonSet.Pterosaur_252" spec="beast.evolution.alignment.TaxonSet"/>
#                </trait>
#                <taxonset idref="TaxonSet.Pterosaur_252"/>
#            </tree>
#        </distribution>
#        <distribution id="birthRateCanonicalPrior.t:Pterosaur_25" spec="bdmmprime.util.priors.ZeroExcludingPrior" x="@birthRateCanonical.t:Pterosaur_25">
#            <Exponential id="Exponential.5" name="distr">
#                <parameter estimate="false" id="RealParameter.8" name="mean" spec="beast.core.parameter.RealParameter">0.1</parameter>
#            </Exponential>
#        </distribution>
#        <distribution id="deathRateCanonicalPrior.t:Pterosaur_25" spec="bdmmprime.util.priors.ZeroExcludingPrior" x="@deathRateCanonical.t:Pterosaur_25">
#            <Exponential id="Exponential.7" name="distr">
#                <parameter estimate="false" id="RealParameter.10" name="mean" spec="beast.core.parameter.RealParameter">0.1</parameter>
#            </Exponential>
#        </distribution>
#        <prior id="originBDMMPrimePrior.t:Pterosaur_25" name="distribution" x="@originBDMMPrime.t:Pterosaur_25">
#            <Uniform id="Uniform.2" lower="95.0" name="distr" upper="150.0"/>
#        </prior>
#        <distribution id="samplingRateCanonicalPrior.t:Pterosaur_25" spec="bdmmprime.util.priors.ZeroExcludingPrior" x="@samplingRateCanonical.t:Pterosaur_25">
#            <Exponential id="Exponential.8" name="distr">
#                <parameter estimate="false" id="RealParameter.11" name="mean" spec="beast.core.parameter.RealParameter">0.1</parameter>
#            </Exponential>
#        </distribution>
#        <prior id="MeanRatePrior.c:Pterosaur_25" name="distribution">
#            <parameter id="ucldMean.c:Pterosaur_25" name="x" spec="beast.core.parameter.RealParameter">1.0</parameter>
#            <Uniform id="Uniform.29" name="distr" upper="Infinity"/>
#        </prior>
#        <prior id="ucldStdevPrior.c:Pterosaur_25" name="distribution">
#            <parameter id="ucldStdev.c:Pterosaur_25" lower="0.0" name="x" spec="beast.core.parameter.RealParameter">0.1</parameter>
#            <Gamma id="Gamma.6" name="distr">
#                <parameter estimate="false" id="RealParameter.28" name="alpha" spec="beast.core.parameter.RealParameter">0.5396</parameter>
#                <parameter estimate="false" id="RealParameter.29" name="beta" spec="beast.core.parameter.RealParameter">0.3819</parameter>
#            </Gamma>
#        </prior>
#        <distribution id="Allkaruen koi1.prior" spec="beast.math.distributions.MRCAPrior" tipsonly="true" tree="@Tree.t:Pterosaur_25">
#            <taxonset id="Allkaruen koi1" spec="beast.evolution.alignment.TaxonSet">
#                <taxon id="Allkaruen koi" spec="beast.evolution.alignment.Taxon"/>
#            </taxonset>
#            <Uniform id="Uniform.3" lower="23.3" name="distr" upper="33.67"/>
#        </distribution>
#        <distribution id="Austriadactylus cristatus1.prior" spec="beast.math.distributions.MRCAPrior" tipsonly="true" tree="@Tree.t:Pterosaur_25">
#            <taxonset id="Austriadactylus cristatus1" spec="beast.evolution.alignment.TaxonSet">
#                <taxon id="Austriadactylus cristatus" spec="beast.evolution.alignment.Taxon"/>
#            </taxonset>
#            <Uniform id="Uniform.4" lower="70.5" name="distr" upper="73.8"/>
#        </distribution>
#        <distribution id="Austriadraco dallavecchiai1.prior" spec="beast.math.distributions.MRCAPrior" tipsonly="true" tree="@Tree.t:Pterosaur_25">
#            <taxonset id="Austriadraco dallavecchiai1" spec="beast.evolution.alignment.TaxonSet">
#                <taxon id="Austriadraco dallavecchiai" spec="beast.evolution.alignment.Taxon"/>
#            </taxonset>
#            <Uniform id="Uniform.5" lower="70.5" name="distr" upper="72.8"/>
#        </distribution>
#        <distribution id="Cacibupteryx caribensis1.prior" spec="beast.math.distributions.MRCAPrior" tipsonly="true" tree="@Tree.t:Pterosaur_25">
#            <taxonset id="Cacibupteryx caribensis1" spec="beast.evolution.alignment.TaxonSet">
#                <taxon id="Cacibupteryx caribensis" spec="beast.evolution.alignment.Taxon"/>
#            </taxonset>
#            <Uniform id="Uniform.6" lower="9.8" name="distr" upper="16.5"/>
#        </distribution>
#        <distribution id="Caelestiventus hanseni1.prior" spec="beast.math.distributions.MRCAPrior" tipsonly="true" tree="@Tree.t:Pterosaur_25">
#            <taxonset id="Caelestiventus hanseni1" spec="beast.evolution.alignment.TaxonSet">
#                <taxon id="Caelestiventus hanseni" spec="beast.evolution.alignment.Taxon"/>
#            </taxonset>
#            <Uniform id="Uniform.7" lower="56.3" name="distr" upper="71.3"/>
#        </distribution>
#        <distribution id="Carniadactylus rosenfeldi1.prior" spec="beast.math.distributions.MRCAPrior" tipsonly="true" tree="@Tree.t:Pterosaur_25">
#            <taxonset id="Carniadactylus rosenfeldi1" spec="beast.evolution.alignment.TaxonSet">
#                <taxon id="Carniadactylus rosenfeldi" spec="beast.evolution.alignment.Taxon"/>
#            </taxonset>
#            <Uniform id="Uniform.8" lower="71.0" name="distr" upper="73.5"/>
#        </distribution>
#        <distribution id="Dimorphodon macronyx1.prior" spec="beast.math.distributions.MRCAPrior" tipsonly="true" tree="@Tree.t:Pterosaur_25">
#            <taxonset id="Dimorphodon macronyx1" spec="beast.evolution.alignment.TaxonSet">
#                <taxon id="Dimorphodon macronyx" spec="beast.evolution.alignment.Taxon"/>
#            </taxonset>
#            <Uniform id="Uniform.9" lower="55.2" name="distr" upper="57.6"/>
#        </distribution>
#        <distribution id="Dromomeron gigas1.prior" spec="beast.math.distributions.MRCAPrior" tipsonly="true" tree="@Tree.t:Pterosaur_25">
#            <taxonset id="Dromomeron gigas1" spec="beast.evolution.alignment.TaxonSet">
#                <taxon id="Dromomeron gigas" spec="beast.evolution.alignment.Taxon"/>
#            </taxonset>
#            <Uniform id="Uniform.10" lower="61.0" name="distr" upper="69.7"/>
#        </distribution>
#        <distribution id="Dromomeron gregorii1.prior" spec="beast.math.distributions.MRCAPrior" tipsonly="true" tree="@Tree.t:Pterosaur_25">
#            <taxonset id="Dromomeron gregorii1" spec="beast.evolution.alignment.TaxonSet">
#                <taxon id="Dromomeron gregorii" spec="beast.evolution.alignment.Taxon"/>
#            </taxonset>
#            <Uniform id="Uniform.11" lower="63.5" name="distr" upper="82.0"/>
#        </distribution>
#        <distribution id="Dromomeron romeri1.prior" spec="beast.math.distributions.MRCAPrior" tipsonly="true" tree="@Tree.t:Pterosaur_25">
#            <taxonset id="Dromomeron romeri1" spec="beast.evolution.alignment.TaxonSet">
#                <taxon id="Dromomeron romeri" spec="beast.evolution.alignment.Taxon"/>
#            </taxonset>
#            <Uniform id="Uniform.12" lower="58.0" name="distr" upper="81.0"/>
#        </distribution>
#        <distribution id="Eudimorphodon ranzii1.prior" spec="beast.math.distributions.MRCAPrior" tipsonly="true" tree="@Tree.t:Pterosaur_25">
#            <taxonset id="Eudimorphodon ranzii1" spec="beast.evolution.alignment.TaxonSet">
#                <taxon id="Eudimorphodon ranzii" spec="beast.evolution.alignment.Taxon"/>
#            </taxonset>
#            <Uniform id="Uniform.13" lower="71.3" name="distr" upper="73.2"/>
#        </distribution>
#        <distribution id="Faxinalipterus minimus1.prior" spec="beast.math.distributions.MRCAPrior" tipsonly="true" tree="@Tree.t:Pterosaur_25">
#            <taxonset id="Faxinalipterus minimus1" spec="beast.evolution.alignment.TaxonSet">
#                <taxon id="Faxinalipterus minimus" spec="beast.evolution.alignment.Taxon"/>
#            </taxonset>
#            <Uniform id="Uniform.14" lower="80.05" name="distr" upper="80.79"/>
#        </distribution>
#        <distribution id="Ixalerpeton polesinensis1.prior" spec="beast.math.distributions.MRCAPrior" tipsonly="true" tree="@Tree.t:Pterosaur_25">
#            <taxonset id="Ixalerpeton polesinensis1" spec="beast.evolution.alignment.TaxonSet">
#                <taxon id="Ixalerpeton polesinensis" spec="beast.evolution.alignment.Taxon"/>
#            </taxonset>
#            <Uniform id="Uniform.15" lower="87.5" name="distr" upper="88.96"/>
#        </distribution>
#        <distribution id="Kongonaphon kely1.prior" spec="beast.math.distributions.MRCAPrior" tipsonly="true" tree="@Tree.t:Pterosaur_25">
#            <taxonset id="Kongonaphon kely1" spec="beast.evolution.alignment.TaxonSet">
#                <taxon id="Kongonaphon kely" spec="beast.evolution.alignment.Taxon"/>
#            </taxonset>
#            <Uniform id="Uniform.16" lower="92.0" name="distr" upper="94.5"/>
#        </distribution>
#        <distribution id="Lagerpeton chanarensis1.prior" spec="beast.math.distributions.MRCAPrior" tipsonly="true" tree="@Tree.t:Pterosaur_25">
#            <taxonset id="Lagerpeton chanarensis1" spec="beast.evolution.alignment.TaxonSet">
#                <taxon id="Lagerpeton chanarensis" spec="beast.evolution.alignment.Taxon"/>
#            </taxonset>
#            <Uniform id="Uniform.17" lower="88.3" name="distr" upper="91.7"/>
#        </distribution>
#        <distribution id="Maehary bonapartei1.prior" spec="beast.math.distributions.MRCAPrior" tipsonly="true" tree="@Tree.t:Pterosaur_25">
#            <taxonset id="Maehary bonapartei1" spec="beast.evolution.alignment.TaxonSet">
#                <taxon id="Maehary bonapartei" spec="beast.evolution.alignment.Taxon"/>
#            </taxonset>
#            <Uniform id="Uniform.18" lower="80.05" name="distr" upper="80.79"/>
#        </distribution>
#        <distribution id="PVSJ 8831.prior" spec="beast.math.distributions.MRCAPrior" tipsonly="true" tree="@Tree.t:Pterosaur_25">
#            <taxonset id="PVSJ 8831" spec="beast.evolution.alignment.TaxonSet">
#                <taxon id="PVSJ 883" spec="beast.evolution.alignment.Taxon"/>
#            </taxonset>
#            <Uniform id="Uniform.19" lower="82.0" name="distr" upper="86.7"/>
#        </distribution>
#        <distribution id="Pachagnathus benitoi1.prior" spec="beast.math.distributions.MRCAPrior" tipsonly="true" tree="@Tree.t:Pterosaur_25">
#            <taxonset id="Pachagnathus benitoi1" spec="beast.evolution.alignment.TaxonSet">
#                <taxon id="Pachagnathus benitoi" spec="beast.evolution.alignment.Taxon"/>
#            </taxonset>
#            <Uniform id="Uniform.20" lower="61.0" name="distr" upper="69.7"/>
#        </distribution>
#        <distribution id="Peteinosaurus zambellii1.prior" spec="beast.math.distributions.MRCAPrior" tipsonly="true" tree="@Tree.t:Pterosaur_25">
#            <taxonset id="Peteinosaurus zambellii1" spec="beast.evolution.alignment.TaxonSet">
#                <taxon id="Peteinosaurus zambellii" spec="beast.evolution.alignment.Taxon"/>
#            </taxonset>
#            <Uniform id="Uniform.21" lower="71.3" name="distr" upper="73.2"/>
#        </distribution>
#        <distribution id="Preondactylus buffarinii1.prior" spec="beast.math.distributions.MRCAPrior" tipsonly="true" tree="@Tree.t:Pterosaur_25">
#            <taxonset id="Preondactylus buffarinii1" spec="beast.evolution.alignment.TaxonSet">
#                <taxon id="Preondactylus buffarinii" spec="beast.evolution.alignment.Taxon"/>
#            </taxonset>
#            <Uniform id="Uniform.22" lower="70.8" name="distr" upper="72.8"/>
#        </distribution>
#        <distribution id="Raeticodactylus filisurensis1.prior" spec="beast.math.distributions.MRCAPrior" tipsonly="true" tree="@Tree.t:Pterosaur_25">
#            <taxonset id="Raeticodactylus filisurensis1" spec="beast.evolution.alignment.TaxonSet">
#                <taxon id="Raeticodactylus filisurensis" spec="beast.evolution.alignment.Taxon"/>
#            </taxonset>
#            <Uniform id="Uniform.23" lower="63.5" name="distr" upper="71.0"/>
#        </distribution>
#        <distribution id="Scleromochlus taylori1.prior" spec="beast.math.distributions.MRCAPrior" tipsonly="true" tree="@Tree.t:Pterosaur_25">
#            <taxonset id="Scleromochlus taylori1" spec="beast.evolution.alignment.TaxonSet">
#                <taxon id="Scleromochlus taylori" spec="beast.evolution.alignment.Taxon"/>
#            </taxonset>
#            <Uniform id="Uniform.24" lower="82.0" name="distr" upper="88.96"/>
#        </distribution>
#        <distribution id="Seazzadactylus venieri1.prior" spec="beast.math.distributions.MRCAPrior" tipsonly="true" tree="@Tree.t:Pterosaur_25">
#            <taxonset id="Seazzadactylus venieri1" spec="beast.evolution.alignment.TaxonSet">
#                <taxon id="Seazzadactylus venieri" spec="beast.evolution.alignment.Taxon"/>
#            </taxonset>
#            <Uniform id="Uniform.25" lower="70.8" name="distr" upper="74.0"/>
#        </distribution>
#        <distribution id="Yelaphomte praderioi1.prior" spec="beast.math.distributions.MRCAPrior" tipsonly="true" tree="@Tree.t:Pterosaur_25">
#            <taxonset id="Yelaphomte praderioi1" spec="beast.evolution.alignment.TaxonSet">
#                <taxon id="Yelaphomte praderioi" spec="beast.evolution.alignment.Taxon"/>
#            </taxonset>
#            <Uniform id="Uniform.26" lower="61.0" name="distr" upper="69.7"/>
#        </distribution>
#    </distribution>
#    <distribution id="likelihood" spec="beast.core.util.CompoundDistribution" useThreads="true">
#        <distribution data="@Pterosaur_252" id="morphTreeLikelihood.Pterosaur_252" spec="beast.evolution.likelihood.TreeLikelihood" tree="@Tree.t:Pterosaur_25">
#            <siteModel id="morphSiteModel.s:Pterosaur_252" spec="beast.evolution.sitemodel.SiteModel">
#                <parameter estimate="false" id="mutationRate.s:Pterosaur_252" name="mutationRate" spec="beast.core.parameter.RealParameter">1.0</parameter>
#                <parameter estimate="false" id="gammaShape.s:Pterosaur_252" name="shape" spec="beast.core.parameter.RealParameter">1.0</parameter>
#                <substModel datatype="@morphDataType.Pterosaur_252" id="LewisMK.s:Pterosaur_252" spec="beast.evolution.substitutionmodel.LewisMK"/>
#            </siteModel>
#            <branchRateModel clock.rate="@ucldMean.c:Pterosaur_25" id="RelaxedClock.c:Pterosaur_25" spec="beast.evolution.branchratemodel.UCRelaxedClockModel" tree="@Tree.t:Pterosaur_25">
#                <LogNormal S="@ucldStdev.c:Pterosaur_25" id="LogNormalDistributionModel.c:Pterosaur_25" meanInRealSpace="true" name="distr">
#                    <parameter estimate="false" id="RealParameter.27" lower="0.0" name="M" spec="beast.core.parameter.RealParameter" upper="1.0">1.0</parameter>
#                </LogNormal>
#                <rateCategories dimension="48" id="rateCategories.c:Pterosaur_25" spec="beast.core.parameter.IntegerParameter">1</rateCategories>
#            </branchRateModel>
#        </distribution>
#        <distribution branchRateModel="@RelaxedClock.c:Pterosaur_25" id="morphTreeLikelihood.Pterosaur_253" spec="beast.evolution.likelihood.TreeLikelihood" tree="@Tree.t:Pterosaur_25">
#            <data data="@Pterosaur_25" filter="1-2,5,7-8,10-11,16-17,20,23,25,29,36,39-40,46,48,50,58,66,71,74,76,85,88,94,100,113,116,118,120,122,127,146,156-157,164-165,171,176,191,193,196-197,202,214,220-221,227-228,237,240,250,260-261,267,275,278-280,283-284,303-305,320,322,324,327,332,337,349,354,358,361,370,382-383,386-387,393,398,412,415,424,427,430,446,454-455,461-462,466,483,485,497,501,504,512,517,521,529,532,537,546-547,552-553,556-557,571,577,581-582,586,591,595,600,614,636,648,652-653,680-681,701,705,720,732,735,737,749,761,766,772,784,816,820" id="Pterosaur_253" spec="beast.evolution.alignment.FilteredAlignment">
#                <userDataType ambiguities="12 01 23 012 02 123 13 01234" id="morphDataType.Pterosaur_253" nrOfStates="3" spec="beast.evolution.datatype.StandardData"/>
#            </data>
#            <siteModel id="morphSiteModel.s:Pterosaur_253" spec="beast.evolution.sitemodel.SiteModel">
#                <parameter estimate="false" id="mutationRate.s:Pterosaur_253" name="mutationRate" spec="beast.core.parameter.RealParameter">1.0</parameter>
#                <parameter estimate="false" id="gammaShape.s:Pterosaur_253" name="shape" spec="beast.core.parameter.RealParameter">1.0</parameter>
#                <substModel datatype="@morphDataType.Pterosaur_253" id="LewisMK.s:Pterosaur_253" spec="beast.evolution.substitutionmodel.LewisMK"/>
#            </siteModel>
#        </distribution>
#        <distribution branchRateModel="@RelaxedClock.c:Pterosaur_25" id="morphTreeLikelihood.Pterosaur_254" spec="beast.evolution.likelihood.TreeLikelihood" tree="@Tree.t:Pterosaur_25">
#            <data data="@Pterosaur_25" filter="19,21,54-55,63,68,92,105,153,177,187,247,263,266,286,299,321,331,345,351-353,377,379,414,422,458,460,463,465,470,472,476,478,482,502,510,516,567,569,574,588,662,738,743" id="Pterosaur_254" spec="beast.evolution.alignment.FilteredAlignment">
#                <userDataType ambiguities="12 01 23 012 02 123 13 01234" id="morphDataType.Pterosaur_254" nrOfStates="4" spec="beast.evolution.datatype.StandardData"/>
#            </data>
#            <siteModel id="morphSiteModel.s:Pterosaur_254" spec="beast.evolution.sitemodel.SiteModel">
#                <parameter estimate="false" id="mutationRate.s:Pterosaur_254" name="mutationRate" spec="beast.core.parameter.RealParameter">1.0</parameter>
#                <parameter estimate="false" id="gammaShape.s:Pterosaur_254" name="shape" spec="beast.core.parameter.RealParameter">1.0</parameter>
#                <substModel datatype="@morphDataType.Pterosaur_254" id="LewisMK.s:Pterosaur_254" spec="beast.evolution.substitutionmodel.LewisMK"/>
#            </siteModel>
#        </distribution>
#        <distribution branchRateModel="@RelaxedClock.c:Pterosaur_25" id="morphTreeLikelihood.Pterosaur_255" spec="beast.evolution.likelihood.TreeLikelihood" tree="@Tree.t:Pterosaur_25">
#            <data data="@Pterosaur_25" filter="28,217,365,435,489-490,731" id="Pterosaur_255" spec="beast.evolution.alignment.FilteredAlignment">
#                <userDataType ambiguities="12 01 23 012 02 123 13 01234" id="morphDataType.Pterosaur_255" nrOfStates="5" spec="beast.evolution.datatype.StandardData"/>
#            </data>
#            <siteModel id="morphSiteModel.s:Pterosaur_255" spec="beast.evolution.sitemodel.SiteModel">
#                <parameter estimate="false" id="mutationRate.s:Pterosaur_255" name="mutationRate" spec="beast.core.parameter.RealParameter">1.0</parameter>
#                <parameter estimate="false" id="gammaShape.s:Pterosaur_255" name="shape" spec="beast.core.parameter.RealParameter">1.0</parameter>
#                <substModel datatype="@morphDataType.Pterosaur_255" id="LewisMK.s:Pterosaur_255" spec="beast.evolution.substitutionmodel.LewisMK"/>
#            </siteModel>
#        </distribution>
#        <distribution branchRateModel="@RelaxedClock.c:Pterosaur_25" id="morphTreeLikelihood.Pterosaur_256" spec="beast.evolution.likelihood.TreeLikelihood" tree="@Tree.t:Pterosaur_25">
#            <data data="@Pterosaur_25" filter="42,75,195,448" id="Pterosaur_256" spec="beast.evolution.alignment.FilteredAlignment">
#                <userDataType ambiguities="12 01 23 012 02 123 13 01234" id="morphDataType.Pterosaur_256" nrOfStates="6" spec="beast.evolution.datatype.StandardData"/>
#            </data>
#            <siteModel id="morphSiteModel.s:Pterosaur_256" spec="beast.evolution.sitemodel.SiteModel">
#                <parameter estimate="false" id="mutationRate.s:Pterosaur_256" name="mutationRate" spec="beast.core.parameter.RealParameter">1.0</parameter>
#                <parameter estimate="false" id="gammaShape.s:Pterosaur_256" name="shape" spec="beast.core.parameter.RealParameter">1.0</parameter>
#                <substModel datatype="@morphDataType.Pterosaur_256" id="LewisMK.s:Pterosaur_256" spec="beast.evolution.substitutionmodel.LewisMK"/>
#            </siteModel>
#        </distribution>
#    </distribution>
#</input>
#
Sample	posterior	likelihood	prior	TreeHeight	morphTreeLikelihood.Pterosaur_252	morphTreeLikelihood.Pterosaur_253	morphTreeLikelihood.Pterosaur_254	morphTreeLikelihood.Pterosaur_255	morphTreeLikelihood.Pterosaur_256	birthRateSVCanonical	birthRateAmongDemesCanonical	deathRateSVCanonical	samplingRateSVCanonical	removalProbSVCanonical	originBDMMPrime	typeFrequencies	typeMappedTree.length_NOT_SET	logP(mrca(Allkaruen koi1.prior))	height(Allkaruen koi)	logP(mrca(Austriadactylus cristatus1.prior))	height(Austriadactylus cristatus)	logP(mrca(Austriadraco dallavecchiai1.prior))	height(Austriadraco dallavecchiai)	logP(mrca(Cacibupteryx caribensis1.prior))	height(Cacibupteryx caribensis)	logP(mrca(Caelestiventus hanseni1.prior))	height(Caelestiventus hanseni)	logP(mrca(Carniadactylus rosenfeldi1.prior))	height(Carniadactylus rosenfeldi)	logP(mrca(Dimorphodon macronyx1.prior))	height(Dimorphodon macronyx)	logP(mrca(Dromomeron gigas1.prior))	height(Dromomeron gigas)	logP(mrca(Dromomeron gregorii1.prior))	height(Dromomeron gregorii)	logP(mrca(Dromomeron romeri1.prior))	height(Dromomeron romeri)	logP(mrca(Eudimorphodon ranzii1.prior))	height(Eudimorphodon ranzii)	logP(mrca(Faxinalipterus minimus1.prior))	height(Faxinalipterus minimus)	logP(mrca(Ixalerpeton polesinensis1.prior))	height(Ixalerpeton polesinensis)	logP(mrca(Kongonaphon kely1.prior))	height(Kongonaphon kely)	logP(mrca(Lagerpeton chanarensis1.prior))	height(Lagerpeton chanarensis)	logP(mrca(Maehary bonapartei1.prior))	height(Maehary bonapartei)	logP(mrca(PVSJ 8831.prior))	height(PVSJ 883)	logP(mrca(Pachagnathus benitoi1.prior))	height(Pachagnathus benitoi)	logP(mrca(Peteinosaurus zambellii1.prior))	height(Peteinosaurus zambellii)	logP(mrca(Preondactylus buffarinii1.prior))	height(Preondactylus buffarinii)	logP(mrca(Raeticodactylus filisurensis1.prior))	height(Raeticodactylus filisurensis)	logP(mrca(Scleromochlus taylori1.prior))	height(Scleromochlus taylori)	logP(mrca(Seazzadactylus venieri1.prior))	height(Seazzadactylus venieri)	logP(mrca(Yelaphomte praderioi1.prior))	height(Yelaphomte praderioi)	ucldMean	ucldStdev	rate.mean	rate.variance	rate.coefficientOfVariation
0	-3820.3424704811623	-3580.0137036575325	-240.32876682362982	94.95341847298117	-2254.8551419058617	-879.6362322030608	-342.2557955140753	-56.90360269287731	-46.36293134165746	0.1	1.0	0.1	0.1	0.0	120.0	1.0	112.02036317129553	-2.338917022241436	28.485	-1.1939224684724337	71.65	-0.8329091229351028	71.65	-1.9021075263969203	13.15	-2.70805020110221	63.8	-0.916290731874155	72.25	-0.8754687373538994	56.4	-2.1633230256605382	65.35	-2.917770732084279	72.75	-3.1354942159291497	80.5	-0.6418538861723978	72.25	0.3011050927839093	80.42	-0.37843643572024077	88.23	-0.916290731874155	93.25	-1.2237754316221174	90.0	0.3011050927839093	80.42	-1.5475625087160136	84.35	-2.1633230256605382	65.35	-0.6418538861723978	72.25	-0.6931471805599453	71.8	-2.0149030205422647	67.25	-1.9401794743463274	85.48	-1.1631508098056818	72.4	-2.1633230256605382	65.35	1.0	0.1	0.9751726650068757	0.010108528308619495	0.09881910213917791
