Iteration	Posterior	Likelihood	Prior	branch_rates	diversification	extinction_rate	fossil_samp_rate	num_samp_anc	origin_time	speciation_rate	t[1]	t[2]	t[3]	t[4]	t[5]	t[6]	t[7]	t[8]	t[9]	t[10]	t[11]	t[12]	t[13]	t[14]	t[15]	t[16]	t[17]	t[18]	t[19]	t[20]	t[21]	t[22]	turnover
0	-295.5409	-31.46503	-264.0758	0.1535264	-0.07552396	0.07953509	0.1175051	0	42.88567	0.004011129	23.5	24.8	24.8	12.5	21.7	21.3	21	21.3	13.71	13.71	2.8	5.54	5.54	7.8	21.7	20.5	21.7	23.5	24.8	13.5	31	23.2	19.8286
10	-200.1111	-31.46503	-168.646	0.1231057	-0.01270592	0.04647128	0.07405966	11	42.24411	0.03376536	28.7513	32.8699	24.8	12.5357	21.7	21.3	21	21.3	13.71	13.71	2.8	5.54	9.92846	7.8	21.7	20.5	21.7	23.5	24.8	17.1844	31.2358	33.3305	1.3763
20	-192.7386	-31.46503	-161.2736	0.3402948	-0.03940154	0.1169668	0.08589274	11	42.25458	0.07756528	28.7513	32.7491	24.8	12.5357	22.6976	22.2334	21	21.3	13.71	13.71	2.8	6.06139	10.3782	7.8	21.7	20.5	21.7	23.5	24.8	19.2827	31.2358	32.771	1.507979
30	-177.783	-31.46503	-146.3179	0.1880964	0.05024063	0.07555728	0.1117886	14	41.62853	0.1257979	29.5817	28.7333	26.1818	16.8621	22.6976	22.2334	21	21.3	14.0418	13.71	2.8	6.06139	11.338	11.6637	21.7	20.5	22.2022	30.9374	25.2858	20.616	33.463	33.7848	0.6006243
40	-175.876	-31.46503	-144.4109	0.1441142	0.02121262	0.08775811	0.2847643	16	41.39046	0.1089707	29.9489	32.2221	26.1818	17.35	22.787	22.2334	21	21.3	14.0418	13.71	2.8	6.06139	11.338	11.6637	22.5869	20.5	22.1267	29.705	27.0363	20.616	33.463	32.6645	0.8053365
50	-169.3499	-31.46503	-137.8848	0.2609976	0.002402085	0.1205834	0.2133329	16	41.48336	0.1229855	25.9301	28.4852	26.1818	17.35	22.787	21.5936	21	21.3	14.0418	13.71	4.87816	6.06139	11.338	10.2502	22.4745	20.5	22.0668	28.8407	27.0363	20.616	33.463	32.5459	0.9804685
60	-163.0569	-31.46503	-131.5918	0.1719272	-0.02100671	0.0920274	0.1843625	16	40.66676	0.0710207	27.4192	25.0632	26.1818	19.4031	21.9074	21.5936	21	21.4023	14.0418	13.71	4.95954	6.06139	11.3599	10.2502	22.2559	20.5	22.0668	26.9981	27.0925	19.4236	32.9572	28.1104	1.295783
70	-172.9717	-31.46503	-141.5067	0.04063923	0.046306	0.05765123	0.1642457	14	41.01741	0.1039572	27.4192	25.8215	26.1818	16.619	21.9074	21.5936	21.6001	21.4029	14.0418	13.71	5.78215	6.06139	6.76247	10.2502	21.8251	20.5	21.9543	23.8475	28.308	19.4236	32.9572	28.6193	0.5545668
80	-169.1487	-31.46503	-137.6836	0.04064625	-0.006609079	0.1094693	0.1291616	14	39.72251	0.1028602	26.9291	27.2794	26.1818	16.2593	23.9036	21.5936	21.6001	21.6248	14.0418	13.71	5.35416	6.06139	8.54906	10.6364	23.1852	23.3632	21.984	24.1975	26.9096	20.3517	32.9572	27.3253	1.064253
90	-176.8885	-31.46503	-145.4235	0.04354239	0.00213602	0.1542396	0.1354098	12	38.82507	0.1563756	26.3823	27.9741	26.1818	15.1918	23.9036	21.5936	21.6001	21.6658	13.7771	13.71	5.77363	6.06139	10.509	10.6364	23.1852	23.3632	21.984	24.941	26.9096	20.3517	32.9572	27.2097	0.9863405
100	-174.4181	-31.46503	-142.9531	0.02545625	0.04941616	0.1676378	0.1262336	13	37.62694	0.217054	26.136	26.9323	26.1818	14.9466	23.9036	21.9019	21.1791	21.7558	13.7771	13.71	5.26418	6.06139	12.2362	8.59178	23.1852	22.507	21.8753	27.7319	28.1124	20.8718	32.9572	30.2658	0.7723324
110	-177.7473	-31.46503	-146.2823	0.03771356	0.03437103	0.1211035	0.2335087	13	38.13425	0.1554746	26.136	30.3163	26.1818	13.0768	23.9036	21.9019	21.5835	22.3124	13.7771	13.71	5.26418	6.06139	9.59165	10.6693	22.9055	22.507	21.8966	27.4973	25.5936	20.8718	32.9572	32.2497	0.7789283
120	-173.6219	-31.46503	-142.1569	0.06433831	0.08065927	0.0962674	0.1766754	15	37.96741	0.1769267	26.136	30.3163	26.1818	13.0768	23.9036	21.9019	21.6208	21.886	13.7771	13.71	5.26418	6.06139	7.53212	9.49476	22.9055	23.6944	21.8966	27.008	25.5936	17.9719	32.9572	34.0226	0.544109
130	-162.9436	-31.46503	-131.4785	0.05034721	1.890032e-05	0.0858932	0.1793563	16	37.05579	0.0859121	26.7884	27.6971	26.8621	13.479	21.836	21.9019	21.6208	21.7496	13.7771	13.71	4.40272	6.06139	12.4029	7.8961	22.0472	23.6944	23.0267	29.7572	25.5936	17.9719	32.9572	35.2999	0.99978
140	-164.1228	-31.46503	-132.6578	0.03457558	0.03153655	0.06969515	0.1718577	16	37.50081	0.1012317	29.4788	26.9009	26.4908	15.1371	22.9105	21.9019	21.6208	21.7496	13.7771	13.7957	4.40272	6.06139	10.4591	9.45739	22.9449	23.6944	23.3514	29.7572	25.5936	17.9719	34.3442	31.2996	0.6884716
150	-167.4821	-31.46503	-136.0171	0.01225873	0.00811301	0.1121035	0.11315	16	37.59623	0.1202165	30.027	27.5849	29.4251	15.1533	23.0294	21.9019	22.0086	22.0618	13.7771	13.7957	5.32907	6.06139	11.0916	8.41077	22.9449	23.6944	23.3514	29.7572	29.5991	17.9719	34.3442	31.6506	0.9325133
160	-159.2028	-31.46503	-127.7378	0.01227355	-0.02361994	0.1575421	0.1870454	16	38.18934	0.1339221	29.6834	29.137	25.181	19.3578	23.283	21.9019	22.0086	23.0791	13.7771	13.7957	5.04099	5.61797	10.0212	9.77109	22.7045	23.6944	21.71	30.1798	28.1735	18.3793	34.3442	31.8561	1.176371
170	-159.7604	-31.46503	-128.2953	0.01694736	-0.03121315	0.1092774	0.1941615	15	37.01146	0.07806424	29.6834	27.7928	25.8056	20.1237	23.283	21.9019	22.0086	22.6445	13.7771	13.7957	4.56728	6.66438	9.41051	8.85235	22.5046	23.6944	23.1359	24.0351	28.0922	18.2383	33.7684	31.8561	1.399839
180	-155.4343	-31.46503	-123.9692	0.02533431	-0.00619881	0.1492154	0.2556525	16	37.82585	0.1430166	28.7677	25.0244	25.5172	22.3706	23.283	21.9019	22.1465	22.6445	13.7771	13.7957	5.5803	6.66438	6.71994	7.85292	22.5046	23.575	23.1359	27.5865	27.1542	19.9266	33.7684	32.8398	1.043343
190	-160.7419	-31.46503	-129.2769	0.01670166	-0.07650504	0.1774692	0.1566373	16	37.64615	0.1009642	28.7444	26.2568	25.5172	23.4727	22.5183	21.9019	22.1465	22.6445	13.7613	13.7957	5.5803	6.79711	9.08753	10.2268	23.2056	21.2943	22.1376	23.5041	28.6131	19.9266	33.7684	32.6067	1.757744
200	-155.5897	-31.46503	-124.1247	0.02577234	-0.01269494	0.1834068	0.1888672	17	37.2083	0.1707119	30.8632	27.6663	27.1368	27.8487	22.5183	21.9019	22.1465	22.2718	13.7613	13.7957	4.29703	6.79711	10.3624	9.46025	23.0448	20.8879	21.9977	26.1739	28.6131	19.9266	33.7684	32.6111	1.074365
210	-151.79	-31.46503	-120.325	0.01940564	0.07301035	0.1211747	0.253397	17	37.47192	0.1941851	29.6185	26.4049	27.1376	25.8633	21.7545	21.6149	22.9778	22.2718	13.7613	13.7957	5.15909	6.79711	11.2518	11.1101	23.5002	20.8879	22.2831	24.0297	28.9689	19.0759	33.7684	32.6111	0.6240167
220	-160.767	-31.46503	-129.302	0.01063687	0.009370174	0.2443233	0.1993005	17	37.36149	0.2536935	30.7214	26.0611	25.4673	25.8633	21.8381	21.6149	22.315	22.2718	13.7613	13.7957	2.90108	6.79711	12.1832	11.1101	23.3295	21.721	22.2831	24.0297	28.0681	19.0759	33.7684	34.7896	0.963065
230	-156.903	-31.46503	-125.438	0.005522268	0.0189505	0.09747565	0.2413731	17	37.76976	0.1164262	27.0215	26.0611	29.5296	25.8633	21.8381	21.6149	22.4523	22.2718	14.3919	13.7957	2.90108	6.79711	11.2683	8.16474	23.3295	21.2553	23.548	26.2944	29.6102	19.0759	33.7684	34.9416	0.8372316
240	-158.5823	-31.46503	-127.1173	0.009575242	-0.06068478	0.2058675	0.2384937	17	37.41131	0.1451827	29.9941	26.0611	29.5296	24.0816	21.9141	21.6149	22.4469	22.0792	13.9075	13.7957	4.16806	6.79711	11.8129	11.5398	23.0647	21.9719	23.548	26.3186	29.6102	19.0759	32.3851	30.907	1.417989
250	-164.3016	-31.46503	-132.8366	0.01979027	0.02698593	0.1481094	0.2108988	16	38.42871	0.1750953	28.5563	26.1421	27.8286	25.5898	23.3961	21.6149	23.094	22.2096	13.9075	13.7957	3.64821	6.79711	11.8129	10.064	23.0608	21.3388	23.548	25.2099	28.5571	17.1936	33.5107	27.8677	0.8458786
260	-161.7473	-31.46503	-130.2823	0.06223995	-0.0589565	0.1596144	0.1770239	16	38.7955	0.1006579	27.1849	25.9505	26.0104	26.2757	23.8355	21.8488	22.4092	22.0463	13.9075	13.7957	3.64821	6.57607	11.8129	11.1169	22.363	21.3388	23.548	25.0646	28.5571	17.1936	31.6894	27.7769	1.585712
270	-155.1572	-31.46503	-123.6922	0.06728339	0.06819813	0.04610811	0.2070755	18	38.00372	0.1143062	27.0367	25.9334	25.2394	26.2757	22.3987	21.8488	22.3749	22.1187	13.9075	13.7957	6.16117	6.21975	11.8129	10.654	22.0292	21.3388	23.2211	25.9925	28.5571	17.1936	31.6894	29.6602	0.4033735
280	-164.5173	-31.46503	-133.0523	0.01729469	0.05458268	0.06695289	0.3088229	16	38.07393	0.1215356	29.9448	29.934	25.7975	29.2269	23.1206	21.8488	22.3607	23.1028	13.9075	13.7957	6.16117	6.21975	11.8129	11.0561	22.2634	21.3388	23.1714	25.822	26.675	17.1936	31.6894	33.0295	0.5508913
290	-167.1494	-31.46503	-135.6844	0.07602199	-0.01532673	0.0544937	0.2570429	16	37.59056	0.03916697	24.5583	27.9402	25.352	30.8578	23.3503	21.8488	21.8393	23.0373	13.9075	13.7957	4.64204	6.21975	11.8129	10.7328	22.9184	21.3388	23.0045	25.8006	26.675	17.1936	31.6894	31.7868	1.391318
300	-161.6829	-31.46503	-130.2179	0.08324713	0.001762099	0.07135456	0.1898044	17	37.64189	0.07311666	26.0622	30.4404	25.352	30.3551	23.5185	21.8488	21.8393	22.8837	13.9075	13.7957	4.64204	6.21975	11.8129	10.7328	21.8768	21.3388	23.3569	25.8006	29.5654	17.1936	31.6894	32.8321	0.9759002
310	-172.3731	-31.46503	-140.9081	0.102134	0.02272683	0.1294201	0.2381655	15	37.03727	0.1521469	26.0622	30.7832	25.9655	30.3551	23.7638	22.938	21.8171	22.9597	13.9075	13.7957	5.46492	6.21975	11.8129	10.3969	21.8762	21.3388	23.2379	30.381	31.7817	15.6658	31.6894	32.6632	0.8506258
320	-183.6221	-31.46503	-152.1571	0.1397628	-0.07553212	0.1632759	0.1123379	13	37.20334	0.08774374	27.3065	30.7832	30.5297	30.3551	23.7638	22.938	21.8171	21.8029	13.9075	13.7957	5.46492	6.21975	11.8129	9.4113	23.1447	21.3388	22.5021	30.9085	31.9385	15.6658	32.098	32.7005	1.860826
330	-183.1404	-31.46503	-151.6754	0.1070075	-0.03172207	0.1338651	0.1255122	14	37.2262	0.102143	25.3145	25.0036	32.8464	30.3551	23.7638	22.938	21.8171	21.8029	13.9075	13.7957	5.46492	6.21975	11.8129	11.9252	23.1447	21.3388	22.5021	30.9085	31.9385	22.2067	32.098	31.237	1.310565
340	-174.5842	-31.46503	-143.1192	0.02615342	-0.003439527	0.08699901	0.1227323	15	37.01984	0.08355948	28.3079	26.2302	33.1667	28.8514	23.7638	23.1077	21.4309	22.5909	13.9075	13.7957	5.46492	6.21975	11.8129	11.9252	23.1447	21.3388	22.166	30.9085	25.1408	22.2067	32.098	32.5688	1.041163
350	-176.096	-31.46503	-144.631	0.01581729	0.02737404	0.09056901	0.1142322	15	37.97051	0.1179431	28.3079	26.2302	32.8296	22.6382	23.3256	22.1936	21.4309	22.5909	13.9075	13.7957	5.46492	6.21975	7.34363	11.8176	22.3129	21.3388	22.166	30.9085	26.2647	23.5423	31.177	34.9389	0.7679046
360	-174.9633	-31.46503	-143.4982	0.02174865	0.005425595	0.09363153	0.09072874	15	38.17246	0.09905712	29.0229	26.2302	32.8296	19.3818	23.3256	21.7401	22.2701	22.5909	13.9075	13.7957	5.46492	6.21975	7.50164	11.8176	22.8483	21.3388	23.7011	30.212	26.0351	22.9324	31.177	36.4247	0.9452276
370	-165.414	-31.46503	-133.949	0.04908936	-0.003418184	0.09402975	0.1934619	16	38.37152	0.09061156	26.1942	27.2236	32.8296	19.2931	23.3256	21.7401	23.4885	22.5909	13.9075	13.7957	4.83385	6.21975	7.5134	11.8176	22.8337	21.3388	23.7011	24.8259	25.5683	20.5064	31.177	34.8143	1.037723
380	-170.29	-31.46503	-138.825	0.07330638	0.04431503	0.08194306	0.1614615	15	38.30136	0.1262581	25.5253	27.2236	28.5895	19.9694	23.3256	22.5693	23.4885	22.5909	13.9075	13.7957	4.97304	6.21975	7.43187	11.8176	23.4403	23.4182	23.7011	23.7778	25.9987	20.5064	31.177	31.595	0.6490123
390	-165.1533	-31.46503	-133.6883	0.0706227	0.09452406	0.07118169	0.1521139	18	39.26476	0.1657058	23.8696	28.5366	28.2981	13.4474	23.193	22.2495	22.8625	22.5909	13.9075	13.7957	4.97304	6.21975	11.2733	8.78366	22.7929	23.4182	23.5602	23.7778	31.0085	20.5064	31.4626	33.0697	0.4295668
400	-159.8267	-31.46503	-128.3616	0.04501264	-0.05429074	0.09082713	0.2096454	18	38.77866	0.0365364	25.5812	27.9844	28.2981	13.5045	23.1745	22.2495	23.0934	22.5909	13.9075	13.7957	4.97304	6.21975	11.2733	8.78366	22.0044	23.1067	23.3652	24.1891	30.8112	20.5064	31.4626	33.0697	2.485936
410	-164.7446	-31.46503	-133.2796	0.04427647	0.006465952	0.02818973	0.275358	18	39.16262	0.03465568	29.9641	30.5752	28.6799	13.5045	23.8439	21.6889	22.4472	22.6498	13.9075	13.7957	4.97304	6.21975	11.075	8.78366	21.8532	23.3519	22.4528	30.4959	31.9437	20.5064	32.7132	30.9089	0.813423
420	-161.2871	-31.46503	-129.8221	0.04905739	-0.01033068	0.0442194	0.1166347	18	40.1119	0.03388872	28.5907	31.9394	29.5641	28.5633	23.6447	22.1748	22.4426	22.8692	13.9075	13.7957	4.97304	6.21975	8.23345	9.07652	21.8532	23.3519	22.7865	27.8951	25.7363	20.5064	32.7132	29.2065	1.304841
430	-157.4118	-31.46503	-125.9468	0.06532907	-0.02168752	0.04196971	0.1884968	19	40.20303	0.0202822	28.8096	30.8199	29.043	18.8392	23.6447	22.2522	22.6015	22.8692	13.8873	13.7957	3.392	6.21975	12.262	9.07652	21.8532	22.5731	22.7865	24.2387	29.4938	20.5064	38.1669	24.6563	2.069288
440	-157.6153	-31.46503	-126.1502	0.0553239	-0.03801234	0.04964301	0.1667804	19	39.37484	0.01163067	26.2807	31.0098	28.3119	17.3589	23.6447	22.1193	22.6015	22.8692	13.8873	13.7957	3.392	6.14752	10.403	11.0981	21.8532	22.3545	22.754	30.9876	32.2388	20.5064	38.1891	24.6563	4.268285
450	-158.2102	-31.46503	-126.7451	0.05487707	-0.005934842	0.04850206	0.2158023	18	40.14374	0.04256722	24.3791	28.6376	28.3119	15.0068	23.4744	21.9842	22.1806	22.4999	13.8873	13.7957	5.21957	6.14752	10.3102	10.3008	21.8532	22.3545	22.3654	24.8103	28.2451	18.9309	38.1903	24.6563	1.139423
460	-164.2042	-31.46503	-132.7392	0.03465625	-0.007134698	0.05996932	0.2087547	18	42.48707	0.05283463	25.4844	32.9133	29.795	18.3782	23.6521	21.9842	22.1806	22.4374	13.8873	13.7957	5.21957	6.14752	11.8083	10.3008	21.8708	23.4643	22.3654	25.4745	30.233	18.9309	38.0213	25.6685	1.135038
470	-175.3029	-31.46503	-143.8379	0.08290287	-0.01874882	0.06622965	0.1084301	16	43.08881	0.04748083	25.5471	26.0629	30.6569	14.9908	21.7509	21.9842	22.1806	22.8249	13.8873	13.7957	5.21957	6.14752	11.8083	10.3008	21.8708	22.826	23.0869	26.5024	30.8305	19.3916	37.8757	25.6685	1.394871
480	-176.5534	-31.46503	-145.0883	0.0839424	-0.03732891	0.07018905	0.1652916	16	42.40243	0.03286014	28.7307	26.0629	30.6569	19.5081	21.7509	21.3871	21.9614	22.2419	13.8873	13.7957	3.3732	5.92101	11.9058	10.3008	21.8708	23.3007	23.0869	26.6428	32.4319	19.3916	38.0045	23.2691	2.135994
490	-170.6332	-31.46503	-139.1682	0.07414398	-0.06340806	0.1002027	0.1622806	16	41.56595	0.03679467	26.3842	29.5359	31.6549	27.6457	21.7509	21.3871	22.6524	22.4549	13.8873	13.7957	4.89976	5.92101	12.1564	10.3008	21.8708	23.3007	22.9261	24.2023	33.4809	18.5647	37.2739	23.2022	2.723295
500	-159.8148	-31.46503	-128.3498	0.07617893	-0.05406438	0.1002343	0.2503038	18	41.81997	0.04616994	23.5308	28.678	29.9156	22.2303	21.7509	21.3871	22.7445	22.6371	13.8873	13.7957	5.36491	6.51177	12.1564	10.3008	22.8631	23.5294	23.239	29.3474	33.3638	18.5647	37.8721	23.7462	2.170987
510	-164.726	-31.46503	-133.261	0.1013077	-0.05630811	0.115923	0.2020131	17	43.16936	0.05961485	28.2507	26.5286	30.9013	21.5627	21.7509	21.3871	23.2401	22.885	14.3439	13.7957	4.52385	6.51177	11.9026	10.3008	23.1533	22.7338	22.907	30.6129	33.1887	19.0823	37.8964	27.5774	1.944532
520	-177.1889	-31.46503	-145.7239	0.08255334	-0.03602609	0.1048073	0.1202505	15	43.58805	0.06878118	28.2507	29.6112	32.8968	16.5942	21.7509	21.3871	22.6752	22.885	14.3439	13.7957	2.90979	5.70815	11.3878	10.1597	21.7467	22.7338	22.907	30.6129	32.6825	14.6682	38.1235	24.1674	1.523778
530	-182.8501	-31.46503	-151.385	0.09379554	-0.003727123	0.08331136	0.09652886	13	42.4463	0.07958424	28.4189	26.6686	29.8138	21.291	21.7509	21.3871	22.3717	22.885	14.3439	13.7957	4.45822	5.70815	10.2294	9.38346	21.7467	22.7338	22.907	29.5136	25.1977	14.6682	33.5522	28.0725	1.046832
540	-180.0809	-31.46503	-148.6159	0.1204575	0.02910537	0.09342357	0.1131003	13	41.3663	0.1225289	29.4548	26.8689	28.6531	21.291	21.7509	21.3871	22.3717	22.885	14.3439	13.7957	5.3249	5.70815	10.2294	9.764	23.541	22.7338	22.0796	29.7905	26.3736	14.1641	33.5522	23.8193	0.7624613
550	-176.0354	-31.46503	-144.5704	0.08946601	-0.02503917	0.09845826	0.1543307	15	40.98493	0.0734191	29.0585	27.0312	28.6531	25.0409	21.7509	22.6063	22.3717	22.885	14.3439	13.7957	4.57595	6.88879	10.6182	9.92414	23.541	22.7338	22.5796	30.9859	28.8407	20.0502	32.3017	25.8766	1.341044
560	-173.3419	-31.46503	-141.8768	0.1153622	0.005404846	0.1081008	0.1360066	14	42.35322	0.1135057	29.7122	31.4232	25.1482	24.7546	21.7509	22.6063	22.3717	22.885	14.3439	13.7957	5.95742	6.63861	10.6182	9.05222	23.541	21.7636	23.9191	30.9859	28.6535	19.5301	35.9178	24.4208	0.9523826
570	-164.9359	-31.46503	-133.4709	0.2156035	0.04059436	0.07068213	0.1594393	16	41.71508	0.1112765	30.9491	32.3181	25.1482	25.9622	21.7509	22.6063	22.3717	23.1412	14.3439	14.0389	4.9254	6.63861	11.1169	10.3018	23.541	23.6604	23.1303	30.9859	29.5675	19.5301	34.62	23.7489	0.6351937
580	-160.1561	-31.46503	-128.6911	0.1002922	-0.07033612	0.2334156	0.2116923	17	41.89333	0.1630794	29.1395	31.0613	25.1482	25.5028	21.7509	22.6063	22.3717	23.1412	13.7904	13.7369	4.09045	6.22181	11.1169	9.11643	23.541	22.7121	22.4231	30.9859	27.5551	13.569	34.62	23.7093	1.4313
590	-164.4621	-31.46503	-132.9971	0.1558678	-0.01568468	0.1690314	0.2018153	15	41.64337	0.1533467	29.1395	30.3419	27.8057	25.591	21.7509	22.6063	22.3717	23.1412	13.7904	14.2047	4.09045	6.22181	9.57644	8.97834	22.9818	22.6675	22.4231	26.7134	28.8754	13.569	34.62	23.4407	1.102283
600	-160.3757	-31.46503	-128.9107	0.2773148	-0.0008127578	0.08515233	0.3206679	17	42.69468	0.08433957	30.8703	33.0129	27.8057	23.9737	21.7509	22.8735	22.3717	23.1412	13.7904	14.2047	3.42387	5.62935	9.57644	8.14104	22.9818	22.6675	22.4231	23.6012	30.3737	13.569	34.62	23.8447	1.009637
610	-170.4739	-31.46503	-139.0089	0.2658235	0.01985592	0.05679961	0.1781176	16	44.00054	0.07665552	29.0181	31.264	27.8057	27.3078	21.7509	22.9306	22.3717	23.1412	13.7904	14.2047	4.2255	5.69409	9.59328	8.14104	23.1213	22.6675	22.7595	25.7245	29.8399	13.569	35.4966	23.2453	0.7409721
620	-168.7602	-31.46503	-137.2952	0.4147681	0.02503283	0.03871591	0.1893822	16	45.21946	0.06374874	28.412	31.264	27.8057	21.2975	21.7509	22.9306	22.3717	22.0681	13.7904	13.9008	5.4807	6.27752	10.2407	9.00739	23.1213	22.8351	22.175	24.7011	30.366	13.569	35.4966	23.6688	0.6073204
630	-165.8365	-31.46503	-134.3715	0.2798489	0.01938456	0.07684481	0.2333378	15	44.49822	0.09622937	28.247	30.5837	27.8057	22.1079	21.7509	22.3436	22.3717	22.0681	13.7904	13.9008	5.4807	6.27752	10.2407	10.0648	22.5455	21.8949	22.222	23.8691	29.6199	13.569	34.8753	24.2066	0.7985588
640	-170.0099	-31.46503	-138.5449	0.1116283	0.06100061	0.1253779	0.2120176	14	43.75005	0.1863785	24.2587	30.8082	27.8057	23.2235	21.7509	22.0912	22.3717	22.0681	13.7904	13.9008	5.52857	6.27752	10.2407	8.00799	23.4508	21.827	22.6895	24.7855	32.5121	13.569	32.79	24.2066	0.6727058
650	-165.1329	-31.46503	-133.6678	0.03856404	-0.03607147	0.173623	0.1907434	15	42.77391	0.1375515	24.165	31.5606	27.8057	23.1874	21.7509	22.6291	21.3116	22.0681	13.7904	13.9008	5.52857	6.38516	10.2407	9.03297	23.4508	22.1607	23.1557	27.8479	32.7912	15.9132	35.334	23.2498	1.26224
660	-172.6082	-31.46503	-141.1431	0.04083791	-0.03063272	0.2502826	0.1137349	15	41.6401	0.2196499	24.6131	31.5606	27.8057	23.1728	21.7509	22.9304	21.3116	22.0681	13.7904	13.9008	6.12102	6.46107	9.66387	8.0681	23.4508	23.2974	23.0903	25.0475	31.5746	15.9132	32.6515	28.227	1.139462
670	-163.1212	-31.46503	-131.6562	0.02458258	0.04971159	0.1895781	0.2393926	16	42.18095	0.2392897	24.3496	27.6154	27.8057	23.0847	21.7509	22.9304	21.3116	22.0681	13.7904	13.9008	5.06819	6.46107	9.66387	8.6205	23.4508	23.2954	23.0903	25.1229	31.5746	22.0197	33.057	28.227	0.7922536
680	-160.2945	-31.46503	-128.8294	0.008149049	-0.0002727413	0.1511788	0.2124425	16	41.82605	0.1509061	24.3496	30.5078	27.8057	21.5028	21.7509	22.9304	21.3116	22.0681	13.7904	13.9008	2.83094	6.46107	9.66387	7.88756	23.4508	22.3066	23.0903	25.8258	28.8174	22.0197	33.057	30.0607	1.001807
690	-156.9837	-31.46503	-125.5186	0.01825887	0.03563896	0.09580603	0.279268	17	40.92828	0.131445	24.48	32.8384	27.8057	21.4762	21.7509	23.1694	21.3116	22.0658	13.7904	13.9008	2.83094	5.81787	11.159	7.88756	23.4508	22.3066	23.1751	28.3311	31.6314	22.0197	31.4497	30.3535	0.7288679
700	-154.4114	-31.46503	-122.9464	0.00640748	-0.003471217	0.1526583	0.1647306	17	40.34897	0.1491871	24.48	32.8384	27.8057	22.436	21.7509	23.1694	21.3116	23.0574	13.7904	13.9008	3.52522	5.81787	12.413	8.31708	22.8513	22.0795	23.2285	28.7112	31.4206	22.0197	31.5642	25.6978	1.023268
710	-149.5503	-31.46503	-118.0853	0.01286997	-0.03693852	0.1210764	0.3166704	18	40.01914	0.08413783	26.5723	33.2189	29.1424	22.436	21.7509	23.1694	21.3116	22.0979	13.7133	13.9008	2.87689	6.1163	11.1251	9.6267	22.5932	21.4972	22.6118	29.215	31.4206	22.0197	31.7032	27.0851	1.439024
720	-148.986	-31.46503	-117.521	0.009254128	-0.02526491	0.06274123	0.2725751	18	38.74796	0.03747632	28.5907	30.7874	29.1424	25.8957	21.7509	22.6962	21.3116	21.3761	13.7133	13.9008	5.75631	6.1163	11.0368	8.67818	22.2934	21.0438	22.5154	29.215	31.4206	22.2195	31.5208	25.717	1.674157
730	-156.1621	-31.46503	-124.6971	0.00487573	0.01082401	0.05108407	0.2243771	17	38.58267	0.06190808	23.6669	30.7874	29.1424	27.272	21.7509	22.6962	21.3116	23.1081	13.7133	13.9008	5.75631	6.28144	11.0368	8.67818	22.4253	21.3477	22.5154	29.215	31.1161	25.2337	31.9328	32.9105	0.82516
740	-154.0424	-31.46503	-122.5774	0.00861419	0.06862925	0.03526671	0.3408498	18	40.15256	0.103896	23.6669	29.4336	29.1424	24.1147	22.3689	22.6962	21.3116	22.5098	13.7133	13.9008	5.75631	6.89869	11.0368	9.66671	22.4253	21.3477	22.749	27.1465	33.2362	25.2337	31.9328	31.5254	0.3394426
750	-150.8894	-31.46503	-119.4244	0.007870513	-0.002601163	0.07497021	0.2985336	18	39.75438	0.07236905	25.185	32.036	29.1424	23.7469	21.7955	22.5782	21.3116	22.8404	13.7133	13.9008	5.75631	6.89869	11.0368	7.97387	21.9483	21.8279	23.8485	24.2145	28.7151	26.7801	33.3584	30.2479	1.035943
760	-149.0479	-31.46503	-117.5829	0.002712927	-0.009335159	0.1210924	0.3040013	18	40.42254	0.1117573	28.0007	31.2794	29.1424	18.2008	21.7955	22.5782	21.3116	23.1192	13.7727	14.1145	4.96059	6.89869	10.5915	9.3721	22.7633	21.4839	23.1748	25.6253	26.2189	25.257	31.9919	31.9044	1.083531
770	-150.4151	-31.46503	-118.9501	0.02954762	-0.01643965	0.1869351	0.2487963	18	40.31824	0.1704954	30.1653	32.3608	29.1424	18.2499	23.7326	21.8295	21.3116	23.1192	13.8534	13.9332	4.96059	6.89869	10.288	9.3721	23.5385	21.3146	23.3057	25.5125	26.3008	25.257	31.9919	24.4868	1.096423
780	-153.5262	-31.46503	-122.0612	0.04736802	-0.0004686841	0.09478981	0.1718035	17	42.24167	0.09432112	30.7411	33.1384	29.1424	19.1199	23.1518	21.5824	21.3116	23.1192	13.8449	13.9332	3.91077	5.70037	10.2264	9.89177	23.5011	22.9668	23.3057	25.4524	26.3945	25.257	31.9919	25.6681	1.004969
790	-151.5147	-31.46503	-120.0497	0.09194692	-0.02172708	0.07638155	0.2105248	18	42.13586	0.05465447	30.7411	32.3248	29.1424	19.4856	23.3608	22.2782	21.3116	23.1192	13.8449	13.9332	3.47839	5.70037	12.2631	9.89177	23.5011	21.6394	22.5248	29.2242	29.7302	25.257	31.6643	27.6936	1.397535
800	-156.5877	-31.46503	-125.1227	0.1064298	0.04606833	0.05534016	0.1998777	17	41.86311	0.1014085	30.7411	32.1678	29.7695	19.4856	23.7896	22.4157	21.3116	23.1192	13.8449	13.9332	3.47839	5.70037	9.83951	9.48575	23.5011	20.6485	21.8091	30.9474	30.0965	20.3543	31.0605	30.5013	0.5457153
810	-145.3121	-31.46503	-113.8471	0.04963559	0.009517463	0.0456531	0.2605505	19	41.87274	0.05517056	25.7542	32.4009	29.7695	17.5879	23.7564	22.4157	22.8617	22.8502	13.8449	13.9332	3.47839	5.70037	9.83951	9.48575	23.5011	20.6485	21.8091	30.9474	31.5788	20.3543	32.6288	24.2025	0.8274902
820	-145.0301	-31.46503	-113.5651	0.08008988	0.03634947	0.06080453	0.2328034	20	42.78869	0.097154	26.1642	33.3577	27.7348	15.568	22.4523	21.8157	22.8617	22.8502	13.8449	13.9332	3.47839	5.70037	9.6948	8.02017	23.5311	20.942	21.8091	27.4863	27.2913	20.3543	35.5373	24.268	0.6258572
